 # vertical grid
           0  -778.398536904606     
           1  -722.502927020998     
           2  -670.099619347869     
           3  -620.970418310384     
           4  -574.910760976592     
           5  -531.728865303431     
           6  -491.244931599486     
           7  -453.290393879546     
           8  -417.707217993802     
           9  -384.347243609221     
          10  -353.071567303279     
          11  -323.749964201385     
          12  -296.260345749819     
          13  -270.488251366486     
          14  -246.326371852818     
          15  -223.674102582434     
          16  -202.437124606126     
          17  -182.527011928989     
          18  -163.860863324487     
          19  -146.360957152412     
          20  -129.954427743470     
          21  -114.572962003043     
          22  -100.152514970839     
          23  -86.6330431521000     
          24  -73.9582545100079     
          25  -62.0753740783156     
          26  -50.9349242182705     
          27  -40.4905186048662     
          28  -30.6986690846288     
          29  -21.5186046007370     
          30  -12.9121014315207     
          31  -4.84332403549018     
          32 -0.469679335890711     
          33  0.590961992327868     
 # face values
          -1  -807.728091324383     
           0  -750.000000000000     
           1  -695.878702507166     
           2  -645.138849948232     
           3  -597.569173000942     
           4  -552.971602240537     
           5  -511.160443423267     
           6  -471.961604297371     
           7  -435.211869722129     
           8  -400.758222076771     
           9  -368.457204129550     
          10  -338.174321714130     
          11  -309.783483726158     
          12  -283.166477108291     
          13  -258.212474637646     
          14  -234.817573466190     
          15  -212.884362492679     
          16  -192.321516764761     
          17  -173.043417222435     
          18  -154.969794199566     
          19  -138.025393199062     
          20  -122.139661550096     
          21  -107.246454642667     
          22  -93.2837605163351     
          23  -80.1934416563824     
          24  -67.9209929222890     
          25  -56.4153146006002     
          26  -45.6284996372245     
          27  -35.5156341632464     
          28  -26.0346104836882     
          29  -17.1459517505483     
          30  -8.81264759009446     
          31  -1.00000000000000     
          32  6.064132821857835E-002
          33   1.12128265643716     
